<?xml version="1.0" encoding="UTF-8"?>
<testng-results ignored="0" total="1" passed="1" failed="0" skipped="0">
  <reporter-output>
  </reporter-output>
  <suite started-at="2024-02-02T22:04:51 CST" name="Default suite" finished-at="2024-02-02T22:05:09 CST" duration-ms="18091">
    <groups>
    </groups>
    <test started-at="2024-02-02T22:04:51 CST" name="Default test" finished-at="2024-02-02T22:05:09 CST" duration-ms="18091">
      <class name="com.owasp.tests.AddressTest">
        <test-method is-config="true" signature="setup()[pri:0, instance:com.owasp.tests.AddressTest@45d84a20]" started-at="2024-02-02T22:04:51 CST" name="setup" finished-at="2024-02-02T22:04:58 CST" duration-ms="7334" status="PASS">
          <reporter-output>
          </reporter-output>
        </test-method> <!-- setup -->
        <test-method signature="addAddressTest()[pri:0, instance:com.owasp.tests.AddressTest@45d84a20]" started-at="2024-02-02T22:04:58 CST" name="addAddressTest" finished-at="2024-02-02T22:05:09 CST" duration-ms="10695" status="PASS">
          <reporter-output>
          </reporter-output>
        </test-method> <!-- addAddressTest -->
        <test-method is-config="true" signature="tearDown()[pri:0, instance:com.owasp.tests.AddressTest@45d84a20]" started-at="2024-02-02T22:05:09 CST" name="tearDown" finished-at="2024-02-02T22:05:09 CST" duration-ms="1" status="PASS">
          <reporter-output>
          </reporter-output>
        </test-method> <!-- tearDown -->
      </class> <!-- com.owasp.tests.AddressTest -->
    </test> <!-- Default test -->
  </suite> <!-- Default suite -->
</testng-results>
